0 info it worked if it ends with ok
1 verbose cli [ 'node', '/usr/local/bin/npm', 'install', '-g', 'normalize.css' ]
2 info using npm@1.4.3
3 info using node@v0.10.26
4 verbose cache add [ 'normalize.css', null ]
5 verbose cache add name=undefined spec="normalize.css" args=["normalize.css",null]
6 verbose parsed url { protocol: null,
6 verbose parsed url   slashes: null,
6 verbose parsed url   auth: null,
6 verbose parsed url   host: null,
6 verbose parsed url   port: null,
6 verbose parsed url   hostname: null,
6 verbose parsed url   hash: null,
6 verbose parsed url   search: null,
6 verbose parsed url   query: null,
6 verbose parsed url   pathname: 'normalize.css',
6 verbose parsed url   path: 'normalize.css',
6 verbose parsed url   href: 'normalize.css' }
7 silly lockFile baf8eabf-normalize-css normalize.css
8 verbose lock normalize.css /Users/admin/.npm/baf8eabf-normalize-css.lock
9 silly lockFile baf8eabf-normalize-css normalize.css
10 silly lockFile baf8eabf-normalize-css normalize.css
11 verbose addNamed [ 'normalize.css', '' ]
12 verbose addNamed [ null, '*' ]
13 silly lockFile 70dd7003-normalize-css normalize.css@
14 verbose lock normalize.css@ /Users/admin/.npm/70dd7003-normalize-css.lock
15 silly addNameRange { name: 'normalize.css', range: '*', hasData: false }
16 verbose url raw normalize.css
17 verbose url resolving [ 'https://registry.npmjs.org/', './normalize.css' ]
18 verbose url resolved https://registry.npmjs.org/normalize.css
19 info trying registry request attempt 1 at 14:26:27
20 verbose etag "5MH1NSLWG7C13N8OYKKPTC9G4"
21 http GET https://registry.npmjs.org/normalize.css
22 http 304 https://registry.npmjs.org/normalize.css
23 silly registry.get cb [ 304,
23 silly registry.get   { date: 'Thu, 15 May 2014 18:25:23 GMT',
23 silly registry.get     server: 'Apache',
23 silly registry.get     via: '1.1 varnish',
23 silly registry.get     'last-modified': 'Thu, 15 May 2014 18:25:24 GMT',
23 silly registry.get     'cache-control': 'max-age=1',
23 silly registry.get     etag: '"5MH1NSLWG7C13N8OYKKPTC9G4"',
23 silly registry.get     'x-served-by': 'cache-lax1432-LAX',
23 silly registry.get     'x-cache': 'MISS',
23 silly registry.get     'x-cache-hits': '0',
23 silly registry.get     'x-timer': 'S1400178323.840358019,VS0,VE163',
23 silly registry.get     vary: 'Accept',
23 silly registry.get     'content-length': '0',
23 silly registry.get     'keep-alive': 'timeout=10, max=50',
23 silly registry.get     connection: 'Keep-Alive' } ]
24 verbose etag normalize.css from cache
25 silly addNameRange number 2 { name: 'normalize.css', range: '*', hasData: true }
26 silly addNameRange versions [ 'normalize.css', [ '0.0.1', '3.0.1' ] ]
27 verbose addNamed [ 'normalize.css', '3.0.1' ]
28 verbose addNamed [ '3.0.1', '3.0.1' ]
29 silly lockFile 613f541d-normalize-css-3-0-1 normalize.css@3.0.1
30 verbose lock normalize.css@3.0.1 /Users/admin/.npm/613f541d-normalize-css-3-0-1.lock
31 silly lockFile 613f541d-normalize-css-3-0-1 normalize.css@3.0.1
32 silly lockFile 613f541d-normalize-css-3-0-1 normalize.css@3.0.1
33 silly lockFile 70dd7003-normalize-css normalize.css@
34 silly lockFile 70dd7003-normalize-css normalize.css@
35 silly resolved [ { name: 'normalize.css',
35 silly resolved     version: '3.0.1',
35 silly resolved     description: 'Normalize.css as a node packaged module',
35 silly resolved     style: 'normalize.css',
35 silly resolved     files: [ 'normalize.css', 'component.json' ],
35 silly resolved     homepage: 'http://necolas.github.io/normalize.css',
35 silly resolved     repository:
35 silly resolved      { type: 'git',
35 silly resolved        url: 'git://github.com/necolas/normalize.css.git' },
35 silly resolved     author: { name: 'Nicolas Gallagher' },
35 silly resolved     license: 'MIT',
35 silly resolved     readme: '# normalize.css v3\n\nNormalize.css is a customisable CSS file that makes browsers render all\nelements more consistently and in line with modern standards.\n\nThe project relies on researching the differences between default browser\nstyles in order to precisely target only the styles that need or benefit from\nnormalizing.\n\n[View the test file](http://necolas.github.io/normalize.css/latest/test.html)\n\n## Install\n\nDownload from the [project page](http://necolas.github.io/normalize.css/).\n\nInstall with [Component(1)](https://github.com/component/component/): `component install necolas/normalize.css`\n\nInstall with [npm](http://npmjs.org/): `npm install --save normalize.css`\n\nInstall with [Bower](http://bower.io/): `bower install --save normalize.css`\n\n## What does it do?\n\n* Preserves useful defaults, unlike many CSS resets.\n* Normalizes styles for a wide range of elements.\n* Corrects bugs and common browser inconsistencies.\n* Improves usability with subtle improvements.\n* Explains what code does using detailed comments.\n\n## How to use it\n\nNo other styles should come before Normalize.css.\n\nIt is recommended that you include the `normalize.css` file as untouched\nlibrary code.\n\n## Browser support\n\n* Google Chrome (latest)\n* Mozilla Firefox (latest)\n* Mozilla Firefox 4\n* Opera (latest)\n* Apple Safari 6+\n* Internet Explorer 8+\n\n[Normalize.css v1 provides legacy browser\nsupport](https://github.com/necolas/normalize.css/tree/v1) (IE 6+, Safari 4+),\nbut is no longer actively developed.\n\n## Contributing\n\nPlease read the CONTRIBUTING.md\n\n## Acknowledgements\n\nNormalize.css is a project by [Nicolas Gallagher](https://github.com/necolas),\nco-created with [Jonathan Neal](https://github.com/jonathantneal).\n',
35 silly resolved     readmeFilename: 'README.md',
35 silly resolved     bugs: { url: 'https://github.com/necolas/normalize.css/issues' },
35 silly resolved     _id: 'normalize.css@3.0.1',
35 silly resolved     _from: 'normalize.css@' } ]
36 info install normalize.css@3.0.1 into /usr/local/lib
37 info installOne normalize.css@3.0.1
38 info /usr/local/lib/node_modules/normalize.css unbuild
39 verbose tar unpack /Users/admin/.npm/normalize.css/3.0.1/package.tgz
40 silly lockFile c917b5bb-l-lib-node-modules-normalize-css tar:///usr/local/lib/node_modules/normalize.css
41 verbose lock tar:///usr/local/lib/node_modules/normalize.css /Users/admin/.npm/c917b5bb-l-lib-node-modules-normalize-css.lock
42 silly lockFile 0ae4ab54--normalize-css-3-0-1-package-tgz tar:///Users/admin/.npm/normalize.css/3.0.1/package.tgz
43 verbose lock tar:///Users/admin/.npm/normalize.css/3.0.1/package.tgz /Users/admin/.npm/0ae4ab54--normalize-css-3-0-1-package-tgz.lock
44 silly gunzTarPerm modes [ '755', '644' ]
45 error Error: EACCES, mkdir '/usr/local/lib/node_modules/normalize.css'
45 error  { [Error: EACCES, mkdir '/usr/local/lib/node_modules/normalize.css']
45 error   errno: 3,
45 error   code: 'EACCES',
45 error   path: '/usr/local/lib/node_modules/normalize.css',
45 error   fstream_type: 'Directory',
45 error   fstream_path: '/usr/local/lib/node_modules/normalize.css',
45 error   fstream_class: 'DirWriter',
45 error   fstream_stack:
45 error    [ '/usr/local/lib/node_modules/npm/node_modules/fstream/lib/dir-writer.js:36:23',
45 error      '/usr/local/lib/node_modules/npm/node_modules/mkdirp/index.js:37:53',
45 error      'Object.oncomplete (fs.js:107:15)' ] }
46 error Please try running this command again as root/Administrator.
47 error System Darwin 13.1.0
48 error command "node" "/usr/local/bin/npm" "install" "-g" "normalize.css"
49 error cwd /www/eadpucv/giornata
50 error node -v v0.10.26
51 error npm -v 1.4.3
52 error path /usr/local/lib/node_modules/normalize.css
53 error fstream_path /usr/local/lib/node_modules/normalize.css
54 error fstream_type Directory
55 error fstream_class DirWriter
56 error code EACCES
57 error errno 3
58 error stack Error: EACCES, mkdir '/usr/local/lib/node_modules/normalize.css'
59 error fstream_stack /usr/local/lib/node_modules/npm/node_modules/fstream/lib/dir-writer.js:36:23
59 error fstream_stack /usr/local/lib/node_modules/npm/node_modules/mkdirp/index.js:37:53
59 error fstream_stack Object.oncomplete (fs.js:107:15)
60 verbose exit [ 3, true ]
